zig build-exe budland Debug native: error: the following command failed with 1 compilation errors:
/usr/bin/zig build-exe /home/john/doc/rep/github.com/budland/src/main.zig /home/john/doc/rep/github.com/budland/include/dwl-ipc-unstable-v2-protocol.c -I/usr/include/libdrm -I/usr/include/pixman-1 -lwlroots -lwayland-server -lxkbcommon -linput -lxcb -lc --cache-dir /home/john/doc/rep/github.com/budland/zig-cache --global-cache-dir /home/john/.cache/zig --name budland -I /usr/include -I /home/john/doc/rep/github.com/budland/include -I /usr/include/pixman-1 --listen=- 
Build Summary: 0/5 steps succeeded; 1 failed (disable with -fno-summary)
run transitive failure
+- run budland transitive failure
   +- zig build-exe budland Debug native 1 errors
   +- install transitive failure
      +- install budland transitive failure
         +- zig build-exe budland Debug native (reused)
src/config.zig:254:53: error: no field named 'alloc' in struct 'mem.Allocator'
/usr/lib/zig/std/mem/Allocator.zig:1:1: note: struct declared here
